build/app/intermediates/manifest_merge_blame_file/debug/manifest-merger-blame-debug-report.txt
1<?xml version="1.0" encoding="utf-8"?>
2<manifest xmlns:android="http://schemas.android.com/apk/res/android"
3    package="com.example.todo_app"
4    android:versionCode="1"
5    android:versionName="1.0.0" >
6
7    <uses-sdk
8        android:minSdkVersion="19"
9        android:targetSdkVersion="33" />
10    <!--
11         The INTERNET permission is required for development. Specifically,
12         the Flutter tool needs it to communicate with the running application
13         to allow setting breakpoints, to provide hot reload, etc.
14    -->
15    <uses-permission android:name="android.permission.INTERNET" />
15-->src/debug/AndroidManifest.xml:6:5-66
15-->src/debug/AndroidManifest.xml:6:22-64
16    <!-- Although the *SdkVersion is captured in gradle build files, this is required for non gradle builds -->
17    <!-- <uses-sdk android:minSdkVersion="14" /> -->
18    <uses-permission android:name="android.permission.ACCESS_NETWORK_STATE" />
18-->[com.google.firebase:firebase-firestore:24.6.0] AndroidManifest.xml:12:5-79
18-->[com.google.firebase:firebase-firestore:24.6.0] AndroidManifest.xml:12:22-76
19
20    <application
21        android:name="io.flutter.app.FlutterMultiDexApplication"
22        android:appComponentFactory="androidx.core.app.CoreComponentFactory"
22-->[androidx.core:core:1.6.0] AndroidManifest.xml:24:18-86
23        android:debuggable="true"
24        android:icon="@mipmap/ic_launcher"
25        android:label="todo_app"
26        android:requestLegacyExternalStorage="true" >
27        <activity
28            android:name="com.example.todo_app.MainActivity"
29            android:configChanges="orientation|keyboardHidden|keyboard|screenSize|smallestScreenSize|locale|layoutDirection|fontScale|screenLayout|density|uiMode"
30            android:exported="true"
31            android:hardwareAccelerated="true"
32            android:launchMode="singleTop"
33            android:theme="@style/LaunchTheme"
34            android:windowSoftInputMode="adjustResize" >
35
36            <!--
37                 Specifies an Android theme to apply to this Activity as soon as
38                 the Android process has started. This theme is visible to the user
39                 while the Flutter UI initializes. After that, this theme continues
40                 to determine the Window background behind the Flutter UI.
41            -->
42            <meta-data
43                android:name="io.flutter.embedding.android.NormalTheme"
44                android:resource="@style/NormalTheme" />
45
46            <intent-filter>
47                <action android:name="android.intent.action.MAIN" />
48
49                <category android:name="android.intent.category.LAUNCHER" />
50            </intent-filter>
51        </activity>
52        <!--
53             Don't delete the meta-data below.
54             This is used by the Flutter tool to generate GeneratedPluginRegistrant.java
55        -->
56        <meta-data
57            android:name="flutterEmbedding"
58            android:value="2" />
59
60        <service
60-->[:cloud_firestore] AndroidManifest.xml:10:9-14:19
61            android:name="com.google.firebase.components.ComponentDiscoveryService"
61-->[:cloud_firestore] AndroidManifest.xml:10:18-89
62            android:directBootAware="true"
62-->[com.google.firebase:firebase-common:20.3.2] AndroidManifest.xml:34:13-43
63            android:exported="false" >
63-->[com.google.firebase:firebase-firestore:24.6.0] AndroidManifest.xml:18:13-37
64            <meta-data
64-->[:cloud_firestore] AndroidManifest.xml:11:13-13:85
65                android:name="com.google.firebase.components:io.flutter.plugins.firebase.firestore.FlutterFirebaseFirestoreRegistrar"
65-->[:cloud_firestore] AndroidManifest.xml:12:17-134
66                android:value="com.google.firebase.components.ComponentRegistrar" />
66-->[:cloud_firestore] AndroidManifest.xml:13:17-82
67            <meta-data
67-->[:firebase_core] AndroidManifest.xml:11:13-13:85
68                android:name="com.google.firebase.components:io.flutter.plugins.firebase.core.FlutterFirebaseCoreRegistrar"
68-->[:firebase_core] AndroidManifest.xml:12:17-124
69                android:value="com.google.firebase.components.ComponentRegistrar" />
69-->[:firebase_core] AndroidManifest.xml:13:17-82
70            <meta-data
70-->[com.google.firebase:firebase-firestore:24.6.0] AndroidManifest.xml:19:13-21:85
71                android:name="com.google.firebase.components:com.google.firebase.firestore.FirestoreRegistrar"
71-->[com.google.firebase:firebase-firestore:24.6.0] AndroidManifest.xml:20:17-111
72                android:value="com.google.firebase.components.ComponentRegistrar" />
72-->[com.google.firebase:firebase-firestore:24.6.0] AndroidManifest.xml:21:17-82
73        </service>
74
75        <uses-library
75-->[androidx.window:window:1.0.0-beta04] AndroidManifest.xml:25:9-27:40
76            android:name="androidx.window.extensions"
76-->[androidx.window:window:1.0.0-beta04] AndroidManifest.xml:26:13-54
77            android:required="false" />
77-->[androidx.window:window:1.0.0-beta04] AndroidManifest.xml:27:13-37
78        <uses-library
78-->[androidx.window:window:1.0.0-beta04] AndroidManifest.xml:28:9-30:40
79            android:name="androidx.window.sidecar"
79-->[androidx.window:window:1.0.0-beta04] AndroidManifest.xml:29:13-51
80            android:required="false" />
80-->[androidx.window:window:1.0.0-beta04] AndroidManifest.xml:30:13-37
81
82        <provider
82-->[com.google.firebase:firebase-common:20.3.2] AndroidManifest.xml:25:9-30:39
83            android:name="com.google.firebase.provider.FirebaseInitProvider"
83-->[com.google.firebase:firebase-common:20.3.2] AndroidManifest.xml:26:13-77
84            android:authorities="com.example.todo_app.firebaseinitprovider"
84-->[com.google.firebase:firebase-common:20.3.2] AndroidManifest.xml:27:13-72
85            android:directBootAware="true"
85-->[com.google.firebase:firebase-common:20.3.2] AndroidManifest.xml:28:13-43
86            android:exported="false"
86-->[com.google.firebase:firebase-common:20.3.2] AndroidManifest.xml:29:13-37
87            android:initOrder="100" />
87-->[com.google.firebase:firebase-common:20.3.2] AndroidManifest.xml:30:13-36
88
89        <activity
89-->[com.google.android.gms:play-services-base:18.0.1] AndroidManifest.xml:20:9-22:45
90            android:name="com.google.android.gms.common.api.GoogleApiActivity"
90-->[com.google.android.gms:play-services-base:18.0.1] AndroidManifest.xml:20:19-85
91            android:exported="false"
91-->[com.google.android.gms:play-services-base:18.0.1] AndroidManifest.xml:22:19-43
92            android:theme="@android:style/Theme.Translucent.NoTitleBar" />
92-->[com.google.android.gms:play-services-base:18.0.1] AndroidManifest.xml:21:19-78
93
94        <meta-data
94-->[com.google.android.gms:play-services-basement:18.1.0] AndroidManifest.xml:21:9-23:69
95            android:name="com.google.android.gms.version"
95-->[com.google.android.gms:play-services-basement:18.1.0] AndroidManifest.xml:22:13-58
96            android:value="@integer/google_play_services_version" />
96-->[com.google.android.gms:play-services-basement:18.1.0] AndroidManifest.xml:23:13-66
97    </application>
98
99</manifest>